# JRE version: Java(TM) SE Runtime Environment (8.0_191-b12) (build 1.8.0_191-b12)
# Java VM: Java HotSpot(TM) 64-Bit Server VM (25.191-b12 mixed mode windows-amd64 compressed oops)
Heap:
 PSYoungGen      total 224256K, used 46788K [0x000000076bd80000, 0x000000077ac80000, 0x00000007c0000000)
  eden space 207872K, 15% used [0x000000076bd80000,0x000000076dc24600,0x0000000778880000)
  from space 16384K, 94% used [0x0000000779c80000,0x000000077ab8cd88,0x000000077ac80000)
  to   space 18432K, 0% used [0x0000000778880000,0x0000000778880000,0x0000000779a80000)
 ParOldGen       total 157696K, used 18806K [0x00000006c3800000, 0x00000006cd200000, 0x000000076bd80000)
  object space 157696K, 11% used [0x00000006c3800000,0x00000006c4a5d8d0,0x00000006cd200000)
 Metaspace       used 54049K, capacity 57808K, committed 57896K, reserved 1099776K
  class space    used 7531K, capacity 8158K, committed 8240K, reserved 1048576K
GC Heap History (10 events):
Event: 12.699 GC heap before
{Heap before GC invocations=6 (full 1):
 PSYoungGen      total 106496K, used 106323K [0x000000076bd80000, 0x0000000774b00000, 0x00000007c0000000)
  eden space 102400K, 100% used [0x000000076bd80000,0x0000000772180000,0x0000000772180000)
  from space 4096K, 95% used [0x0000000774700000,0x0000000774ad4cb8,0x0000000774b00000)
  to   space 10752K, 0% used [0x0000000773600000,0x0000000773600000,0x0000000774080000)
 ParOldGen       total 96256K, used 5951K [0x00000006c3800000, 0x00000006c9600000, 0x000000076bd80000)
  object space 96256K, 6% used [0x00000006c3800000,0x00000006c3dcfd60,0x00000006c9600000)
 Metaspace       used 27602K, capacity 29704K, committed 30000K, reserved 1075200K
  class space    used 3666K, capacity 4058K, committed 4144K, reserved 1048576K
Event: 12.716 GC heap after
Heap after GC invocations=6 (full 1):
 PSYoungGen      total 134144K, used 8909K [0x000000076bd80000, 0x0000000776b00000, 0x00000007c0000000)
  eden space 123392K, 0% used [0x000000076bd80000,0x000000076bd80000,0x0000000773600000)
  from space 10752K, 82% used [0x0000000773600000,0x0000000773eb34d0,0x0000000774080000)
  to   space 11264K, 0% used [0x0000000776000000,0x0000000776000000,0x0000000776b00000)
 ParOldGen       total 96256K, used 5959K [0x00000006c3800000, 0x00000006c9600000, 0x000000076bd80000)
  object space 96256K, 6% used [0x00000006c3800000,0x00000006c3dd1d60,0x00000006c9600000)
 Metaspace       used 27602K, capacity 29704K, committed 30000K, reserved 1075200K
  class space    used 3666K, capacity 4058K, committed 4144K, reserved 1048576K
}
Event: 14.985 GC heap before
{Heap before GC invocations=7 (full 1):
 PSYoungGen      total 134144K, used 66129K [0x000000076bd80000, 0x0000000776b00000, 0x00000007c0000000)
  eden space 123392K, 46% used [0x000000076bd80000,0x000000076f560ff0,0x0000000773600000)
  from space 10752K, 82% used [0x0000000773600000,0x0000000773eb34d0,0x0000000774080000)
  to   space 11264K, 0% used [0x0000000776000000,0x0000000776000000,0x0000000776b00000)
 ParOldGen       total 96256K, used 5959K [0x00000006c3800000, 0x00000006c9600000, 0x000000076bd80000)
  object space 96256K, 6% used [0x00000006c3800000,0x00000006c3dd1d60,0x00000006c9600000)
 Metaspace       used 33093K, capacity 35380K, committed 35496K, reserved 1079296K
  class space    used 4361K, capacity 4766K, committed 4784K, reserved 1048576K
Event: 15.000 GC heap after
Heap after GC invocations=7 (full 1):
 PSYoungGen      total 165376K, used 9662K [0x000000076bd80000, 0x0000000778680000, 0x00000007c0000000)
  eden space 154112K, 0% used [0x000000076bd80000,0x000000076bd80000,0x0000000775400000)
  from space 11264K, 85% used [0x0000000776000000,0x000000077696fad0,0x0000000776b00000)
  to   space 12288K, 0% used [0x0000000775400000,0x0000000775400000,0x0000000776000000)
 ParOldGen       total 96256K, used 5967K [0x00000006c3800000, 0x00000006c9600000, 0x000000076bd80000)
  object space 96256K, 6% used [0x00000006c3800000,0x00000006c3dd3d60,0x00000006c9600000)
 Metaspace       used 33093K, capacity 35380K, committed 35496K, reserved 1079296K
  class space    used 4361K, capacity 4766K, committed 4784K, reserved 1048576K
}
Event: 15.000 GC heap before
{Heap before GC invocations=8 (full 2):
 PSYoungGen      total 165376K, used 9662K [0x000000076bd80000, 0x0000000778680000, 0x00000007c0000000)
  eden space 154112K, 0% used [0x000000076bd80000,0x000000076bd80000,0x0000000775400000)
  from space 11264K, 85% used [0x0000000776000000,0x000000077696fad0,0x0000000776b00000)
  to   space 12288K, 0% used [0x0000000775400000,0x0000000775400000,0x0000000776000000)
 ParOldGen       total 96256K, used 5967K [0x00000006c3800000, 0x00000006c9600000, 0x000000076bd80000)
  object space 96256K, 6% used [0x00000006c3800000,0x00000006c3dd3d60,0x00000006c9600000)
 Metaspace       used 33093K, capacity 35380K, committed 35496K, reserved 1079296K
  class space    used 4361K, capacity 4766K, committed 4784K, reserved 1048576K
Event: 15.175 GC heap after
Heap after GC invocations=8 (full 2):
 PSYoungGen      total 165376K, used 0K [0x000000076bd80000, 0x0000000778680000, 0x00000007c0000000)
  eden space 154112K, 0% used [0x000000076bd80000,0x000000076bd80000,0x0000000775400000)
  from space 11264K, 0% used [0x0000000776000000,0x0000000776000000,0x0000000776b00000)
  to   space 12288K, 0% used [0x0000000775400000,0x0000000775400000,0x0000000776000000)
 ParOldGen       total 157696K, used 14187K [0x00000006c3800000, 0x00000006cd200000, 0x000000076bd80000)
  object space 157696K, 8% used [0x00000006c3800000,0x00000006c45dafa8,0x00000006cd200000)
 Metaspace       used 33093K, capacity 35380K, committed 35496K, reserved 1079296K
  class space    used 4361K, capacity 4766K, committed 4784K, reserved 1048576K
}
Event: 21.705 GC heap before
{Heap before GC invocations=9 (full 2):
 PSYoungGen      total 165376K, used 154112K [0x000000076bd80000, 0x0000000778680000, 0x00000007c0000000)
  eden space 154112K, 100% used [0x000000076bd80000,0x0000000775400000,0x0000000775400000)
  from space 11264K, 0% used [0x0000000776000000,0x0000000776000000,0x0000000776b00000)
  to   space 12288K, 0% used [0x0000000775400000,0x0000000775400000,0x0000000776000000)
 ParOldGen       total 157696K, used 14187K [0x00000006c3800000, 0x00000006cd200000, 0x000000076bd80000)
  object space 157696K, 8% used [0x00000006c3800000,0x00000006c45dafa8,0x00000006cd200000)
 Metaspace       used 47663K, capacity 50264K, committed 50728K, reserved 1093632K
  class space    used 6620K, capacity 7090K, committed 7216K, reserved 1048576K
Event: 21.748 GC heap after
Heap after GC invocations=9 (full 2):
 PSYoungGen      total 166400K, used 12256K [0x000000076bd80000, 0x000000077ac80000, 0x00000007c0000000)
  eden space 154112K, 0% used [0x000000076bd80000,0x000000076bd80000,0x0000000775400000)
  from space 12288K, 99% used [0x0000000775400000,0x0000000775ff80a0,0x0000000776000000)
  to   space 16384K, 0% used [0x0000000779c80000,0x0000000779c80000,0x000000077ac80000)
 ParOldGen       total 157696K, used 18798K [0x00000006c3800000, 0x00000006cd200000, 0x000000076bd80000)
  object space 157696K, 11% used [0x00000006c3800000,0x00000006c4a5b8d0,0x00000006cd200000)
 Metaspace       used 47663K, capacity 50264K, committed 50728K, reserved 1093632K
  class space    used 6620K, capacity 7090K, committed 7216K, reserved 1048576K
}
Event: 27.493 GC heap before
{Heap before GC invocations=10 (full 2):
 PSYoungGen      total 166400K, used 166368K [0x000000076bd80000, 0x000000077ac80000, 0x00000007c0000000)
  eden space 154112K, 100% used [0x000000076bd80000,0x0000000775400000,0x0000000775400000)
  from space 12288K, 99% used [0x0000000775400000,0x0000000775ff80a0,0x0000000776000000)
  to   space 16384K, 0% used [0x0000000779c80000,0x0000000779c80000,0x000000077ac80000)
 ParOldGen       total 157696K, used 18798K [0x00000006c3800000, 0x00000006cd200000, 0x000000076bd80000)
  object space 157696K, 11% used [0x00000006c3800000,0x00000006c4a5b8d0,0x00000006cd200000)
 Metaspace       used 53452K, capacity 57070K, committed 57256K, reserved 1097728K
  class space    used 7435K, capacity 8059K, committed 8112K, reserved 1048576K
Event: 27.536 GC heap after
Heap after GC invocations=10 (full 2):
 PSYoungGen      total 224256K, used 15411K [0x000000076bd80000, 0x000000077ac80000, 0x00000007c0000000)
  eden space 207872K, 0% used [0x000000076bd80000,0x000000076bd80000,0x0000000778880000)
  from space 16384K, 94% used [0x0000000779c80000,0x000000077ab8cd88,0x000000077ac80000)
  to   space 18432K, 0% used [0x0000000778880000,0x0000000778880000,0x0000000779a80000)
 ParOldGen       total 157696K, used 18806K [0x00000006c3800000, 0x00000006cd200000, 0x000000076bd80000)
  object space 157696K, 11% used [0x00000006c3800000,0x00000006c4a5d8d0,0x00000006cd200000)
 Metaspace       used 53452K, capacity 57070K, committed 57256K, reserved 1097728K
  class space    used 7435K, capacity 8059K, committed 8112K, reserved 1048576K
}

